[25-Jan-2026 21:55:57 UTC] === ELOO Portfolio ACF Field LOADED ===
[25-Jan-2026 21:55:57 UTC] === ELOO PROVIDER REGISTRATION PLUGIN LOADED AT 2026-01-25 21:55:57 ===
[25-Jan-2026 21:56:08 UTC] === ELOO Portfolio ACF Field LOADED ===
[25-Jan-2026 21:56:08 UTC] === ELOO PROVIDER REGISTRATION PLUGIN LOADED AT 2026-01-25 21:56:08 ===
[25-Jan-2026 21:56:10 UTC] === ELOO Portfolio ACF Field LOADED ===
[25-Jan-2026 21:56:10 UTC] === ELOO PROVIDER REGISTRATION PLUGIN LOADED AT 2026-01-25 21:56:10 ===
[25-Jan-2026 21:56:13 UTC] === ELOO Portfolio ACF Field LOADED ===
[25-Jan-2026 21:56:13 UTC] === ELOO PROVIDER REGISTRATION PLUGIN LOADED AT 2026-01-25 21:56:13 ===
[25-Jan-2026 21:56:15 UTC] === ELOO Portfolio ACF Field LOADED ===
[25-Jan-2026 21:56:15 UTC] === ELOO PROVIDER REGISTRATION PLUGIN LOADED AT 2026-01-25 21:56:15 ===
[25-Jan-2026 21:56:17 UTC] === ELOO Portfolio ACF Field LOADED ===
[25-Jan-2026 21:56:17 UTC] === ELOO PROVIDER REGISTRATION PLUGIN LOADED AT 2026-01-25 21:56:17 ===
[25-Jan-2026 21:56:19 UTC] === ELOO Portfolio ACF Field LOADED ===
[25-Jan-2026 21:56:19 UTC] === ELOO PROVIDER REGISTRATION PLUGIN LOADED AT 2026-01-25 21:56:19 ===
[25-Jan-2026 21:56:20 UTC] === ELOO Portfolio ACF Field LOADED ===
[25-Jan-2026 21:56:20 UTC] === ELOO PROVIDER REGISTRATION PLUGIN LOADED AT 2026-01-25 21:56:20 ===
[25-Jan-2026 21:56:22 UTC] === ELOO Portfolio ACF Field LOADED ===
[25-Jan-2026 21:56:22 UTC] === ELOO PROVIDER REGISTRATION PLUGIN LOADED AT 2026-01-25 21:56:22 ===
[25-Jan-2026 21:56:24 UTC] === ELOO Portfolio ACF Field LOADED ===
[25-Jan-2026 21:56:24 UTC] === ELOO PROVIDER REGISTRATION PLUGIN LOADED AT 2026-01-25 21:56:24 ===
[25-Jan-2026 21:56:26 UTC] === ELOO Portfolio ACF Field LOADED ===
[25-Jan-2026 21:56:26 UTC] === ELOO PROVIDER REGISTRATION PLUGIN LOADED AT 2026-01-25 21:56:26 ===
[25-Jan-2026 21:56:29 UTC] === ELOO Portfolio ACF Field LOADED ===
[25-Jan-2026 21:56:29 UTC] === ELOO PROVIDER REGISTRATION PLUGIN LOADED AT 2026-01-25 21:56:29 ===
[25-Jan-2026 21:56:32 UTC] === ELOO Portfolio ACF Field LOADED ===
[25-Jan-2026 21:56:32 UTC] === ELOO Portfolio ACF Field LOADED ===
[25-Jan-2026 21:56:32 UTC] === ELOO PROVIDER REGISTRATION PLUGIN LOADED AT 2026-01-25 21:56:32 ===
[25-Jan-2026 21:56:32 UTC] === ELOO PROVIDER REGISTRATION PLUGIN LOADED AT 2026-01-25 21:56:32 ===
[25-Jan-2026 21:56:48 UTC] === ACF include_fields hook TRIGGERED ===
[25-Jan-2026 21:56:48 UTC] === ACF Adding field group... ===
[25-Jan-2026 21:56:54 UTC] === ELOO Portfolio ACF Field LOADED ===
[25-Jan-2026 21:56:54 UTC] === ELOO PROVIDER REGISTRATION PLUGIN LOADED AT 2026-01-25 21:56:54 ===
[25-Jan-2026 21:56:57 UTC] === ELOO Portfolio ACF Field LOADED ===
[25-Jan-2026 21:56:57 UTC] === ELOO Portfolio ACF Field LOADED ===
[25-Jan-2026 21:56:57 UTC] === ELOO PROVIDER REGISTRATION PLUGIN LOADED AT 2026-01-25 21:56:57 ===
[25-Jan-2026 21:56:57 UTC] === ELOO PROVIDER REGISTRATION PLUGIN LOADED AT 2026-01-25 21:56:57 ===
[25-Jan-2026 21:56:59 UTC] === ELOO Portfolio ACF Field LOADED ===
[25-Jan-2026 21:56:59 UTC] === ELOO PROVIDER REGISTRATION PLUGIN LOADED AT 2026-01-25 21:56:59 ===
[25-Jan-2026 21:57:06 UTC] === ELOO Portfolio ACF Field LOADED ===
[25-Jan-2026 21:57:06 UTC] === ELOO PROVIDER REGISTRATION PLUGIN LOADED AT 2026-01-25 21:57:06 ===
[25-Jan-2026 21:57:10 UTC] === ACF include_fields hook TRIGGERED ===
[25-Jan-2026 21:57:10 UTC] === ACF Adding field group... ===
[25-Jan-2026 21:57:10 UTC] === ELOO Portfolio ACF Field LOADED ===
[25-Jan-2026 21:57:10 UTC] === ELOO PROVIDER REGISTRATION PLUGIN LOADED AT 2026-01-25 21:57:10 ===
[25-Jan-2026 21:57:10 UTC] === ACF include_fields hook TRIGGERED ===
[25-Jan-2026 21:57:10 UTC] === ACF Adding field group... ===
[25-Jan-2026 21:57:14 UTC] === ELOO Portfolio ACF Field LOADED ===
[25-Jan-2026 21:57:14 UTC] === ELOO PROVIDER REGISTRATION PLUGIN LOADED AT 2026-01-25 21:57:14 ===
[25-Jan-2026 21:57:14 UTC] === ACF include_fields hook TRIGGERED ===
[25-Jan-2026 21:57:14 UTC] === ACF Adding field group... ===
[25-Jan-2026 21:57:14 UTC] === ELOO Portfolio ACF Field LOADED ===
[25-Jan-2026 21:57:14 UTC] === ELOO PROVIDER REGISTRATION PLUGIN LOADED AT 2026-01-25 21:57:14 ===
[25-Jan-2026 21:57:14 UTC] === ACF include_fields hook TRIGGERED ===
[25-Jan-2026 21:57:14 UTC] === ACF Adding field group... ===
[25-Jan-2026 21:57:34 UTC] === ELOO Portfolio ACF Field LOADED ===
[25-Jan-2026 21:57:34 UTC] === ELOO PROVIDER REGISTRATION PLUGIN LOADED AT 2026-01-25 21:57:34 ===
[25-Jan-2026 21:57:34 UTC] === ACF include_fields hook TRIGGERED ===
[25-Jan-2026 21:57:34 UTC] === ACF Adding field group... ===
[25-Jan-2026 21:57:34 UTC] === REGISTERING /eloo/v1/providers ENDPOINT ===
[25-Jan-2026 21:57:35 UTC] === ELOO Portfolio ACF Field LOADED ===
[25-Jan-2026 21:57:35 UTC] === ELOO PROVIDER REGISTRATION PLUGIN LOADED AT 2026-01-25 21:57:35 ===
[25-Jan-2026 21:57:35 UTC] === ELOO Portfolio ACF Field LOADED ===
[25-Jan-2026 21:57:35 UTC] === ELOO PROVIDER REGISTRATION PLUGIN LOADED AT 2026-01-25 21:57:35 ===
[25-Jan-2026 21:57:35 UTC] === ACF include_fields hook TRIGGERED ===
[25-Jan-2026 21:57:35 UTC] === ACF Adding field group... ===
[25-Jan-2026 21:57:35 UTC] === ACF include_fields hook TRIGGERED ===
[25-Jan-2026 21:57:35 UTC] === ACF Adding field group... ===
[25-Jan-2026 21:57:36 UTC] === ELOO Portfolio ACF Field LOADED ===
[25-Jan-2026 21:57:36 UTC] === ELOO PROVIDER REGISTRATION PLUGIN LOADED AT 2026-01-25 21:57:36 ===
[25-Jan-2026 21:57:36 UTC] === ACF include_fields hook TRIGGERED ===
[25-Jan-2026 21:57:36 UTC] === ACF Adding field group... ===
[25-Jan-2026 21:57:41 UTC] === ELOO Portfolio ACF Field LOADED ===
[25-Jan-2026 21:57:41 UTC] === ELOO PROVIDER REGISTRATION PLUGIN LOADED AT 2026-01-25 21:57:41 ===
[25-Jan-2026 21:57:41 UTC] === ACF include_fields hook TRIGGERED ===
[25-Jan-2026 21:57:41 UTC] === ACF Adding field group... ===
[25-Jan-2026 21:57:41 UTC] === ELOO Portfolio ACF Field LOADED ===
[25-Jan-2026 21:57:41 UTC] === ELOO PROVIDER REGISTRATION PLUGIN LOADED AT 2026-01-25 21:57:41 ===
[25-Jan-2026 21:57:41 UTC] === ACF include_fields hook TRIGGERED ===
[25-Jan-2026 21:57:41 UTC] === ACF Adding field group... ===
[25-Jan-2026 21:57:46 UTC] === ELOO Portfolio ACF Field LOADED ===
[25-Jan-2026 21:57:46 UTC] === ELOO PROVIDER REGISTRATION PLUGIN LOADED AT 2026-01-25 21:57:46 ===
[25-Jan-2026 21:57:47 UTC] === ACF include_fields hook TRIGGERED ===
[25-Jan-2026 21:57:47 UTC] === ACF Adding field group... ===
[25-Jan-2026 21:58:22 UTC] === ELOO Portfolio ACF Field LOADED ===
[25-Jan-2026 21:58:22 UTC] === ELOO PROVIDER REGISTRATION PLUGIN LOADED AT 2026-01-25 21:58:22 ===
[25-Jan-2026 21:58:22 UTC] === ACF include_fields hook TRIGGERED ===
[25-Jan-2026 21:58:22 UTC] === ACF Adding field group... ===
[25-Jan-2026 21:58:23 UTC] === ELOO Portfolio ACF Field LOADED ===
[25-Jan-2026 21:58:23 UTC] === ELOO PROVIDER REGISTRATION PLUGIN LOADED AT 2026-01-25 21:58:23 ===
[25-Jan-2026 21:58:23 UTC] === ACF include_fields hook TRIGGERED ===
[25-Jan-2026 21:58:23 UTC] === ACF Adding field group... ===
[25-Jan-2026 21:58:23 UTC] === ELOO Portfolio ACF Field LOADED ===
[25-Jan-2026 21:58:23 UTC] === ELOO PROVIDER REGISTRATION PLUGIN LOADED AT 2026-01-25 21:58:23 ===
[25-Jan-2026 21:58:23 UTC] === REGISTERING /eloo/v1/providers ENDPOINT ===
[25-Jan-2026 21:58:23 UTC] === ELOO Portfolio ACF Field LOADED ===
[25-Jan-2026 21:58:23 UTC] === ELOO PROVIDER REGISTRATION PLUGIN LOADED AT 2026-01-25 21:58:23 ===
[25-Jan-2026 21:58:23 UTC] === ACF include_fields hook TRIGGERED ===
[25-Jan-2026 21:58:23 UTC] === ACF Adding field group... ===
[25-Jan-2026 21:58:23 UTC] === ACF include_fields hook TRIGGERED ===
[25-Jan-2026 21:58:23 UTC] === ACF Adding field group... ===
[25-Jan-2026 21:58:31 UTC] === ELOO Portfolio ACF Field LOADED ===
[25-Jan-2026 21:58:31 UTC] === ELOO PROVIDER REGISTRATION PLUGIN LOADED AT 2026-01-25 21:58:31 ===
[25-Jan-2026 21:58:31 UTC] === ACF include_fields hook TRIGGERED ===
[25-Jan-2026 21:58:31 UTC] === ACF Adding field group... ===
[25-Jan-2026 21:58:32 UTC] === ELOO Portfolio ACF Field LOADED ===
[25-Jan-2026 21:58:32 UTC] === ELOO PROVIDER REGISTRATION PLUGIN LOADED AT 2026-01-25 21:58:32 ===
[25-Jan-2026 21:58:32 UTC] === ACF include_fields hook TRIGGERED ===
[25-Jan-2026 21:58:32 UTC] === ACF Adding field group... ===
[25-Jan-2026 21:58:32 UTC] === REGISTERING /eloo/v1/providers ENDPOINT ===
[25-Jan-2026 21:59:21 UTC] === ELOO Portfolio ACF Field LOADED ===
[25-Jan-2026 21:59:21 UTC] === ELOO PROVIDER REGISTRATION PLUGIN LOADED AT 2026-01-25 21:59:21 ===
[25-Jan-2026 21:59:21 UTC] === ACF include_fields hook TRIGGERED ===
[25-Jan-2026 21:59:21 UTC] === ACF Adding field group... ===
[25-Jan-2026 21:59:22 UTC] === ELOO Portfolio ACF Field LOADED ===
[25-Jan-2026 21:59:22 UTC] === ELOO PROVIDER REGISTRATION PLUGIN LOADED AT 2026-01-25 21:59:22 ===
[25-Jan-2026 21:59:22 UTC] === ACF include_fields hook TRIGGERED ===
[25-Jan-2026 21:59:22 UTC] === ACF Adding field group... ===
[25-Jan-2026 21:59:25 UTC] === ELOO Portfolio ACF Field LOADED ===
[25-Jan-2026 21:59:25 UTC] === ELOO PROVIDER REGISTRATION PLUGIN LOADED AT 2026-01-25 21:59:25 ===
[25-Jan-2026 21:59:25 UTC] === ACF include_fields hook TRIGGERED ===
[25-Jan-2026 21:59:25 UTC] === ACF Adding field group... ===
[25-Jan-2026 21:59:25 UTC] === REGISTERING /eloo/v1/providers ENDPOINT ===
[25-Jan-2026 21:59:25 UTC] === ELOO Portfolio ACF Field LOADED ===
[25-Jan-2026 21:59:25 UTC] === ELOO PROVIDER REGISTRATION PLUGIN LOADED AT 2026-01-25 21:59:25 ===
[25-Jan-2026 21:59:25 UTC] === ACF include_fields hook TRIGGERED ===
[25-Jan-2026 21:59:25 UTC] === ACF Adding field group... ===
[25-Jan-2026 21:59:32 UTC] === ELOO Portfolio ACF Field LOADED ===
[25-Jan-2026 21:59:32 UTC] === ELOO PROVIDER REGISTRATION PLUGIN LOADED AT 2026-01-25 21:59:32 ===
[25-Jan-2026 21:59:33 UTC] === ACF include_fields hook TRIGGERED ===
[25-Jan-2026 21:59:33 UTC] === ACF Adding field group... ===
[25-Jan-2026 21:59:38 UTC] === ELOO Portfolio ACF Field LOADED ===
[25-Jan-2026 21:59:38 UTC] === ELOO PROVIDER REGISTRATION PLUGIN LOADED AT 2026-01-25 21:59:38 ===
[25-Jan-2026 21:59:39 UTC] === ACF include_fields hook TRIGGERED ===
[25-Jan-2026 21:59:39 UTC] === ACF Adding field group... ===
[25-Jan-2026 21:59:43 UTC] === ELOO Portfolio ACF Field LOADED ===
[25-Jan-2026 21:59:43 UTC] === ELOO PROVIDER REGISTRATION PLUGIN LOADED AT 2026-01-25 21:59:43 ===
[25-Jan-2026 21:59:43 UTC] === ACF include_fields hook TRIGGERED ===
[25-Jan-2026 21:59:43 UTC] === ACF Adding field group... ===
[25-Jan-2026 21:59:44 UTC] === REGISTERING /eloo/v1/providers ENDPOINT ===
[25-Jan-2026 21:59:58 UTC] === ELOO Portfolio ACF Field LOADED ===
[25-Jan-2026 21:59:58 UTC] === ELOO PROVIDER REGISTRATION PLUGIN LOADED AT 2026-01-25 21:59:58 ===
[25-Jan-2026 21:59:58 UTC] === ACF include_fields hook TRIGGERED ===
[25-Jan-2026 21:59:58 UTC] === ACF Adding field group... ===
[25-Jan-2026 21:59:58 UTC] === REGISTERING /eloo/v1/providers ENDPOINT ===
[25-Jan-2026 22:00:27 UTC] === ELOO Portfolio ACF Field LOADED ===
[25-Jan-2026 22:00:27 UTC] === ELOO PROVIDER REGISTRATION PLUGIN LOADED AT 2026-01-25 22:00:27 ===
[25-Jan-2026 22:00:28 UTC] === ACF include_fields hook TRIGGERED ===
[25-Jan-2026 22:00:28 UTC] === ACF Adding field group... ===
[25-Jan-2026 22:00:28 UTC] === ELOO Portfolio ACF Field LOADED ===
[25-Jan-2026 22:00:28 UTC] === ELOO PROVIDER REGISTRATION PLUGIN LOADED AT 2026-01-25 22:00:28 ===
[25-Jan-2026 22:00:28 UTC] === ACF include_fields hook TRIGGERED ===
[25-Jan-2026 22:00:28 UTC] === ACF Adding field group... ===
[25-Jan-2026 22:00:29 UTC] === ELOO Portfolio ACF Field LOADED ===
[25-Jan-2026 22:00:29 UTC] === ELOO PROVIDER REGISTRATION PLUGIN LOADED AT 2026-01-25 22:00:29 ===
[25-Jan-2026 22:00:30 UTC] === ACF include_fields hook TRIGGERED ===
[25-Jan-2026 22:00:30 UTC] === ACF Adding field group... ===
[25-Jan-2026 22:00:30 UTC] === REGISTERING /eloo/v1/providers ENDPOINT ===
[25-Jan-2026 22:01:31 UTC] === ELOO Portfolio ACF Field LOADED ===
[25-Jan-2026 22:01:31 UTC] === ELOO PROVIDER REGISTRATION PLUGIN LOADED AT 2026-01-25 22:01:31 ===
[25-Jan-2026 22:01:31 UTC] === ACF include_fields hook TRIGGERED ===
[25-Jan-2026 22:01:31 UTC] === ACF Adding field group... ===
[25-Jan-2026 22:02:31 UTC] === ELOO Portfolio ACF Field LOADED ===
[25-Jan-2026 22:02:31 UTC] === ELOO PROVIDER REGISTRATION PLUGIN LOADED AT 2026-01-25 22:02:31 ===
[25-Jan-2026 22:02:31 UTC] === ACF include_fields hook TRIGGERED ===
[25-Jan-2026 22:02:31 UTC] === ACF Adding field group... ===
[25-Jan-2026 22:03:32 UTC] === ELOO Portfolio ACF Field LOADED ===
[25-Jan-2026 22:03:32 UTC] === ELOO PROVIDER REGISTRATION PLUGIN LOADED AT 2026-01-25 22:03:32 ===
[25-Jan-2026 22:03:32 UTC] === ACF include_fields hook TRIGGERED ===
[25-Jan-2026 22:03:32 UTC] === ACF Adding field group... ===
[25-Jan-2026 22:03:32 UTC] === ELOO Portfolio ACF Field LOADED ===
[25-Jan-2026 22:03:32 UTC] === ELOO PROVIDER REGISTRATION PLUGIN LOADED AT 2026-01-25 22:03:32 ===
[25-Jan-2026 22:03:32 UTC] === ACF include_fields hook TRIGGERED ===
[25-Jan-2026 22:03:32 UTC] === ACF Adding field group... ===
[25-Jan-2026 22:05:33 UTC] === ELOO Portfolio ACF Field LOADED ===
[25-Jan-2026 22:05:33 UTC] === ELOO PROVIDER REGISTRATION PLUGIN LOADED AT 2026-01-25 22:05:33 ===
[25-Jan-2026 22:05:33 UTC] === ACF include_fields hook TRIGGERED ===
[25-Jan-2026 22:05:33 UTC] === ACF Adding field group... ===
[25-Jan-2026 22:07:34 UTC] === ELOO Portfolio ACF Field LOADED ===
[25-Jan-2026 22:07:34 UTC] === ELOO PROVIDER REGISTRATION PLUGIN LOADED AT 2026-01-25 22:07:34 ===
[25-Jan-2026 22:07:34 UTC] === ACF include_fields hook TRIGGERED ===
[25-Jan-2026 22:07:34 UTC] === ACF Adding field group... ===
[25-Jan-2026 22:08:51 UTC] === ELOO Portfolio ACF Field LOADED ===
[25-Jan-2026 22:08:51 UTC] === ELOO PROVIDER REGISTRATION PLUGIN LOADED AT 2026-01-25 22:08:51 ===
[25-Jan-2026 22:08:51 UTC] === ACF include_fields hook TRIGGERED ===
[25-Jan-2026 22:08:51 UTC] === ACF Adding field group... ===
[25-Jan-2026 22:09:52 UTC] === ELOO Portfolio ACF Field LOADED ===
[25-Jan-2026 22:09:52 UTC] === ELOO PROVIDER REGISTRATION PLUGIN LOADED AT 2026-01-25 22:09:52 ===
[25-Jan-2026 22:09:52 UTC] === ACF include_fields hook TRIGGERED ===
[25-Jan-2026 22:09:52 UTC] === ACF Adding field group... ===
[25-Jan-2026 22:11:53 UTC] === ELOO Portfolio ACF Field LOADED ===
[25-Jan-2026 22:11:53 UTC] === ELOO PROVIDER REGISTRATION PLUGIN LOADED AT 2026-01-25 22:11:53 ===
[25-Jan-2026 22:11:53 UTC] === ACF include_fields hook TRIGGERED ===
[25-Jan-2026 22:11:53 UTC] === ACF Adding field group... ===
[25-Jan-2026 22:13:54 UTC] === ELOO Portfolio ACF Field LOADED ===
[25-Jan-2026 22:13:54 UTC] === ELOO PROVIDER REGISTRATION PLUGIN LOADED AT 2026-01-25 22:13:54 ===
[25-Jan-2026 22:13:54 UTC] === ACF include_fields hook TRIGGERED ===
[25-Jan-2026 22:13:54 UTC] === ACF Adding field group... ===
[25-Jan-2026 22:15:55 UTC] === ELOO Portfolio ACF Field LOADED ===
[25-Jan-2026 22:15:55 UTC] === ELOO PROVIDER REGISTRATION PLUGIN LOADED AT 2026-01-25 22:15:55 ===
[25-Jan-2026 22:15:55 UTC] === ACF include_fields hook TRIGGERED ===
[25-Jan-2026 22:15:55 UTC] === ACF Adding field group... ===
[25-Jan-2026 22:16:55 UTC] === ELOO Portfolio ACF Field LOADED ===
[25-Jan-2026 22:16:55 UTC] === ELOO PROVIDER REGISTRATION PLUGIN LOADED AT 2026-01-25 22:16:55 ===
[25-Jan-2026 22:16:55 UTC] === ACF include_fields hook TRIGGERED ===
[25-Jan-2026 22:16:55 UTC] === ACF Adding field group... ===
[25-Jan-2026 22:17:56 UTC] === ELOO Portfolio ACF Field LOADED ===
[25-Jan-2026 22:17:56 UTC] === ELOO PROVIDER REGISTRATION PLUGIN LOADED AT 2026-01-25 22:17:56 ===
[25-Jan-2026 22:17:56 UTC] === ACF include_fields hook TRIGGERED ===
[25-Jan-2026 22:17:56 UTC] === ACF Adding field group... ===
[25-Jan-2026 22:17:56 UTC] === ELOO Portfolio ACF Field LOADED ===
[25-Jan-2026 22:17:56 UTC] === ELOO PROVIDER REGISTRATION PLUGIN LOADED AT 2026-01-25 22:17:56 ===
[25-Jan-2026 22:17:56 UTC] === ACF include_fields hook TRIGGERED ===
[25-Jan-2026 22:17:56 UTC] === ACF Adding field group... ===
[25-Jan-2026 22:19:57 UTC] === ELOO Portfolio ACF Field LOADED ===
[25-Jan-2026 22:19:57 UTC] === ELOO PROVIDER REGISTRATION PLUGIN LOADED AT 2026-01-25 22:19:57 ===
[25-Jan-2026 22:19:57 UTC] === ACF include_fields hook TRIGGERED ===
[25-Jan-2026 22:19:57 UTC] === ACF Adding field group... ===
[25-Jan-2026 22:21:58 UTC] === ELOO Portfolio ACF Field LOADED ===
[25-Jan-2026 22:21:58 UTC] === ELOO PROVIDER REGISTRATION PLUGIN LOADED AT 2026-01-25 22:21:58 ===
[25-Jan-2026 22:21:58 UTC] === ACF include_fields hook TRIGGERED ===
[25-Jan-2026 22:21:58 UTC] === ACF Adding field group... ===
[25-Jan-2026 22:23:59 UTC] === ELOO Portfolio ACF Field LOADED ===
[25-Jan-2026 22:23:59 UTC] === ELOO PROVIDER REGISTRATION PLUGIN LOADED AT 2026-01-25 22:23:59 ===
[25-Jan-2026 22:23:59 UTC] === ACF include_fields hook TRIGGERED ===
[25-Jan-2026 22:23:59 UTC] === ACF Adding field group... ===
[25-Jan-2026 22:26:00 UTC] === ELOO Portfolio ACF Field LOADED ===
[25-Jan-2026 22:26:00 UTC] === ELOO PROVIDER REGISTRATION PLUGIN LOADED AT 2026-01-25 22:26:00 ===
[25-Jan-2026 22:26:00 UTC] === ACF include_fields hook TRIGGERED ===
[25-Jan-2026 22:26:00 UTC] === ACF Adding field group... ===
[25-Jan-2026 22:32:10 UTC] === ELOO Portfolio ACF Field LOADED ===
[25-Jan-2026 22:32:10 UTC] === ELOO PROVIDER REGISTRATION PLUGIN LOADED AT 2026-01-25 22:32:10 ===
[25-Jan-2026 22:32:10 UTC] === ACF include_fields hook TRIGGERED ===
[25-Jan-2026 22:32:10 UTC] === ACF Adding field group... ===
[25-Jan-2026 22:33:10 UTC] === ELOO Portfolio ACF Field LOADED ===
[25-Jan-2026 22:33:10 UTC] === ELOO PROVIDER REGISTRATION PLUGIN LOADED AT 2026-01-25 22:33:10 ===
[25-Jan-2026 22:33:10 UTC] === ACF include_fields hook TRIGGERED ===
[25-Jan-2026 22:33:10 UTC] === ACF Adding field group... ===
[25-Jan-2026 22:33:10 UTC] === ELOO Portfolio ACF Field LOADED ===
[25-Jan-2026 22:33:10 UTC] === ELOO PROVIDER REGISTRATION PLUGIN LOADED AT 2026-01-25 22:33:10 ===
[25-Jan-2026 22:33:10 UTC] === ACF include_fields hook TRIGGERED ===
[25-Jan-2026 22:33:10 UTC] === ACF Adding field group... ===
[25-Jan-2026 22:35:11 UTC] === ELOO Portfolio ACF Field LOADED ===
[25-Jan-2026 22:35:11 UTC] === ELOO PROVIDER REGISTRATION PLUGIN LOADED AT 2026-01-25 22:35:11 ===
[25-Jan-2026 22:35:11 UTC] === ACF include_fields hook TRIGGERED ===
[25-Jan-2026 22:35:11 UTC] === ACF Adding field group... ===
[25-Jan-2026 22:35:11 UTC] === ELOO Portfolio ACF Field LOADED ===
[25-Jan-2026 22:35:11 UTC] === ELOO PROVIDER REGISTRATION PLUGIN LOADED AT 2026-01-25 22:35:11 ===
[25-Jan-2026 22:35:11 UTC] === ACF include_fields hook TRIGGERED ===
[25-Jan-2026 22:35:11 UTC] === ACF Adding field group... ===
[25-Jan-2026 22:37:12 UTC] === ELOO Portfolio ACF Field LOADED ===
[25-Jan-2026 22:37:12 UTC] === ELOO PROVIDER REGISTRATION PLUGIN LOADED AT 2026-01-25 22:37:12 ===
[25-Jan-2026 22:37:12 UTC] === ACF include_fields hook TRIGGERED ===
[25-Jan-2026 22:37:12 UTC] === ACF Adding field group... ===
[25-Jan-2026 22:39:13 UTC] === ELOO Portfolio ACF Field LOADED ===
[25-Jan-2026 22:39:13 UTC] === ELOO PROVIDER REGISTRATION PLUGIN LOADED AT 2026-01-25 22:39:13 ===
[25-Jan-2026 22:39:14 UTC] === ACF include_fields hook TRIGGERED ===
[25-Jan-2026 22:39:14 UTC] === ACF Adding field group... ===
[25-Jan-2026 22:41:14 UTC] === ELOO Portfolio ACF Field LOADED ===
[25-Jan-2026 22:41:14 UTC] === ELOO PROVIDER REGISTRATION PLUGIN LOADED AT 2026-01-25 22:41:14 ===
[25-Jan-2026 22:41:15 UTC] === ACF include_fields hook TRIGGERED ===
[25-Jan-2026 22:41:15 UTC] === ACF Adding field group... ===
